[debug] [2026-04-21T09:25:15.829Z] ----------------------------------------------------------------------
[debug] [2026-04-21T09:25:15.833Z] Command:       C:\Program Files\nodejs\node.exe C:\Users\HP\AppData\Roaming\npm\node_modules\firebase-tools\lib\bin\firebase.js init
[debug] [2026-04-21T09:25:15.833Z] CLI Version:   15.12.0
[debug] [2026-04-21T09:25:15.833Z] Platform:      win32
[debug] [2026-04-21T09:25:15.834Z] Node Version:  v22.17.1
[debug] [2026-04-21T09:25:15.834Z] Time:          Tue Apr 21 2026 14:55:15 GMT+0530 (India Standard Time)
[debug] [2026-04-21T09:25:15.834Z] ----------------------------------------------------------------------
[debug] 
[debug] [2026-04-21T09:25:15.837Z] >>> [apiv2][query] GET https://firebase-public.firebaseio.com/cli.json [none]
[info] 
     ######## #### ########  ######## ########     ###     ######  ########
     ##        ##  ##     ## ##       ##     ##  ##   ##  ##       ##
     ######    ##  ########  ######   ########  #########  ######  ######
     ##        ##  ##    ##  ##       ##     ## ##     ##       ## ##
     ##       #### ##     ## ######## ########  ##     ##  ######  ########

You're about to initialize a Firebase project in this directory:

  C:\Tiffin_Web\Tiffin_Web

Before we get started, keep in mind:

  * You are currently outside your home directory

[debug] [2026-04-21T09:25:20.697Z] <<< [apiv2][status] GET https://firebase-public.firebaseio.com/cli.json 200
[debug] [2026-04-21T09:25:20.698Z] <<< [apiv2][body] GET https://firebase-public.firebaseio.com/cli.json {"cloudBuildErrorAfter":1594252800000,"cloudBuildWarnAfter":1590019200000,"defaultNode10After":1594252800000,"minVersion":"3.0.5","node8DeploysDisabledAfter":1613390400000,"node8RuntimeDisabledAfter":1615809600000,"node8WarnAfter":1600128000000}
[debug] [2026-04-21T09:25:40.134Z] ExitPromptError: User force closed the prompt with SIGINT
    at Interface.sigint (C:\Users\HP\AppData\Roaming\npm\node_modules\firebase-tools\node_modules\@inquirer\core\dist\commonjs\lib\create-prompt.js:101:37)
    at Interface.emit (node:events:518:28)
    at [_ttyWrite] [as _ttyWrite] (node:internal/readline/interface:1132:18)
    at ReadStream.onkeypress (node:internal/readline/interface:271:20)
    at ReadStream.emit (node:events:530:35)
    at emitKeys (node:internal/readline/utils:370:14)
    at emitKeys.next (<anonymous>)
    at ReadStream.onData (node:internal/readline/emitKeypressEvents:64:36)
    at ReadStream.emit (node:events:518:28)
    at addChunk (node:internal/streams/readable:561:12)
[error] 
[error] Error: An unexpected error has occurred.
